生成启动时间为 2019/3/20 14:50:22。
     1>项目“D:\codesave\opengl\gl\third\third.vcxproj”在节点 2 上(build 个目标)。
     1>InitializeBuildStatus:
         正在创建“Debug\third.unsuccessfulbuild”，因为已指定“AlwaysCreate”。
       ClCompile:
         d:\VS\VC\bin\CL.exe /c /ZI /nologo /W3 /WX- /Od /Oy- /D WIN32 /D _DEBUG /D _CONSOLE /D _UNICODE /D UNICODE /Gm /EHsc /RTC1 /MDd /GS /fp:precise /Zc:wchar_t /Zc:forScope /Fo"Debug\\" /Fd"Debug\vc100.pdb" /Gd /TP /analyze- /errorReport:prompt graph.cpp
         graph.cpp
       ManifestResourceCompile:
         所有输出均为最新。
       Link:
         d:\VS\VC\bin\link.exe /ERRORREPORT:PROMPT /OUT:"D:\codesave\opengl\gl\Debug\third.exe" /INCREMENTAL /NOLOGO kernel32.lib user32.lib gdi32.lib winspool.lib comdlg32.lib advapi32.lib shell32.lib ole32.lib oleaut32.lib uuid.lib odbc32.lib odbccp32.lib /MANIFEST /ManifestFile:"Debug\third.exe.intermediate.manifest" /MANIFESTUAC:"level='asInvoker' uiAccess='false'" /DEBUG /PDB:"D:\codesave\opengl\gl\Debug\third.pdb" /SUBSYSTEM:CONSOLE /TLBID:1 /DYNAMICBASE /NXCOMPAT /IMPLIB:"D:\codesave\opengl\gl\Debug\third.lib" /MACHINE:X86 Debug\third.exe.embed.manifest.res
         Debug\graph.obj
       Manifest:
         C:\Program Files (x86)\Microsoft SDKs\Windows\v7.0A\bin\mt.exe /nologo /verbose /out:"Debug\third.exe.embed.manifest" /manifest Debug\third.exe.intermediate.manifest
         所有输出均为最新。
       LinkEmbedManifest:
         所有输出均为最新。
         third.vcxproj -> D:\codesave\opengl\gl\Debug\third.exe
       FinalizeBuildStatus:
         正在删除文件“Debug\third.unsuccessfulbuild”。
         正在对“Debug\third.lastbuildstate”执行 Touch 任务。
     1>已完成生成项目“D:\codesave\opengl\gl\third\third.vcxproj”(build 个目标)的操作。

生成成功。

已用时间 00:00:00.95
